Bookmarks: Unresolved ID reference "_3c7c1e02-6dce-da98-eebe-81c16d412043" found.
Bookmarks: Unresolved ID reference "_6acc823d-c4ed-c54c-f8a6-ba2d6883c241" found.
Bookmarks: Unresolved ID reference "_4683df3d-48e9-9456-3bea-ca8b16ec4d78" found.
Bookmarks: Unresolved ID reference "_b1527e72-6eaf-6f31-d5e0-cc2411470fda" found.
Bookmarks: Unresolved ID reference "_97c20028-80d7-ef3a-f178-135c56cab3c7" found.
Bookmarks: Unresolved ID reference "_89add032-7cfc-8832-9b3c-2a0f10b740ab" found.
Page iv: Unresolved ID reference "_4683df3d-48e9-9456-3bea-ca8b16ec4d78" found.
Page iv: Unresolved ID reference "_97c20028-80d7-ef3a-f178-135c56cab3c7" found.
Page iv: Unresolved ID reference "_6acc823d-c4ed-c54c-f8a6-ba2d6883c241" found.
Page iv: Unresolved ID reference "_89add032-7cfc-8832-9b3c-2a0f10b740ab" found.
Page iv: Unresolved ID reference "_b1527e72-6eaf-6f31-d5e0-cc2411470fda" found.
Page iv: Unresolved ID reference "_3c7c1e02-6dce-da98-eebe-81c16d412043" found.
Page xiii: Unresolved ID reference "spatial_reference_system" found.
Page xiii: Unresolved ID reference "coordinate_reference_system" found.
Page xiii: Unresolved ID reference "GeoSPARQL_Standard_structure" found.
Page xiii: Unresolved ID reference "Terms_and_definitions" found.
Page xiv: Unresolved ID reference "Influence_of_Coordinate_Reference_Systems_on_geometric_computations" found.
Page xiv: Unresolved ID reference "Recommendation_for_specification_of_units_of_measurement" found.
Page 2: Unresolved ID reference "GeoSPARQL_Standard_structure" found.
Page 4: Unresolved ID reference "Abstract_Test_Suite__normative_" found.
Page 16: Unresolved ID reference "GML" found.
Page 19: Unresolved ID reference "IETF3987" found.
Page 22: Unresolved ID reference "OWL" found.
Page 26: Unresolved ID reference "Class__geo" found.
Page 27: Unresolved ID reference "Class__geo" found.
Page 28: Unresolved ID reference "Class__geo" found.
Page 28: Unresolved ID reference "Class__SpatialObject" found.
Page 28: Unresolved ID reference "Class__SpatialObjectCollection" found.
Page 29: Unresolved ID reference "Class__Feature" found.
Page 29: Unresolved ID reference "Class__geo" found.
Page 29: Unresolved ID reference "Class__SpatialObjectCollection" found.
Page 29: Unresolved ID reference "Property__geo" found.
Page 30: Unresolved ID reference "Property__geo" found.
Page 31: Unresolved ID reference "Property__geo" found.
Page 32: Unresolved ID reference "Property__geo" found.
Page 33: Unresolved ID reference "Property__geo" found.
Page 34: Unresolved ID reference "Class__geo" found.
Page 34: Unresolved ID reference "Property__geo" found.
Page 35: Unresolved ID reference "Property__geo" found.
Page 36: Unresolved ID reference "Property__geo" found.
Page 39: Unresolved ID reference "Class__geo" found.
Page 39: Unresolved ID reference "Property__geo" found.
Page 40: Unresolved ID reference "Class__geo" found.
Page 40: Unresolved ID reference "Property_geo" found.
Page 41: Unresolved ID reference "Class__geo" found.
Page 41: Unresolved ID reference "Property__geo" found.
Page 46: Unresolved ID reference "Property__geo" found.
Page 47: Unresolved ID reference "Function__geof" found.
Page 47: Unresolved ID reference "Property__geo" found.
Page 48: Unresolved ID reference "Class__geo" found.
Page 49: Unresolved ID reference "Class__geo" found.
Page 49: Unresolved ID reference "Class__SpatialObjectCollection" found.
Page 49: Unresolved ID reference "Class__Geometry" found.
Page 50: Unresolved ID reference "Class__geo" found.
Page 50: Unresolved ID reference "Property__geo" found.
Page 51: Unresolved ID reference "Class__geo" found.
Page 51: Unresolved ID reference "Recommendation_for_specification_of_units_of_measurement" found.
Page 51: Unresolved ID reference "Property__geo" found.
Page 52: Unresolved ID reference "Recommendation_for_specification_of_units_of_measurement" found.
Page 52: Unresolved ID reference "Property__geo" found.
Page 53: Unresolved ID reference "Property__geo" found.
Page 54: Unresolved ID reference "Function__geof" found.
Page 54: Unresolved ID reference "RDFS_Datatype__geo" found.
Page 54: Unresolved ID reference "GeoSPARQL_Standard_structure" found.
Page 54: Unresolved ID reference "IETF3987" found.
Page 55: Unresolved ID reference "RDFS_Datatype__geo" found.
Page 55: Unresolved ID reference "IETF3987" found.
Page 56: Unresolved ID reference "Function__geof" found.
Page 56: Unresolved ID reference "RDFS_Datatype__geo" found.
Page 57: Unresolved ID reference "RDFS_Datatype__geo" found.
Page 58: Unresolved ID reference "Function__geof" found.
Page 58: Unresolved ID reference "RDFS_Datatype__geo" found.
Page 58: Unresolved ID reference "GeoJSON" found.
Page 58: Unresolved ID reference "Property__geo" found.
Page 59: Unresolved ID reference "RDFS_Datatype__geo" found.
Page 60: Unresolved ID reference "Function__geof" found.
Page 60: Unresolved ID reference "RDFS_Datatype__geo" found.
Page 60: Unresolved ID reference "Property__geo" found.
Page 61: Unresolved ID reference "RDFS_Datatype__geo" found.
Page 62: Unresolved ID reference "Function__geof" found.
Page 62: Unresolved ID reference "Property__geo" found.
Page 63: Unresolved ID reference "RDFS_Datatype__geo" found.
Page 64: Unresolved ID reference "RDFS_Datatype__geo" found.
Page 64: Unresolved ID reference "IETF3987" found.
Page 65: Unresolved ID reference "Function__geof" found.
Page 65: Unresolved ID reference "Property__geo" found.
Page 66: Unresolved ID reference "Function__geof" found.
Page 68: Unresolved ID reference "Function__geof" found.
Page 68: Unresolved ID reference "Recommendation_for_specification_of_units_of_measurement" found.
Page 68: Unresolved ID reference "RDFS_Datatype__geo" found.
Page 69: Unresolved ID reference "Function__geof" found.
Page 69: Unresolved ID reference "Recommendation_for_specification_of_units_of_measurement" found.
Page 70: Unresolved ID reference "Function__geof" found.
Page 70: Unresolved ID reference "Recommendation_for_specification_of_units_of_measurement" found.
Page 71: Unresolved ID reference "_GeoSPARQL_and_Simple_Features__SFA-CA_" found.
Page 72: Unresolved ID reference "Function__geof" found.
Page 72: Unresolved ID reference "Recommendation_for_specification_of_units_of_measurement" found.
Page 72: Unresolved ID reference "_GeoSPARQL_and_Simple_Features__SFA-CA_" found.
Page 75: Unresolved ID reference "Function__geof" found.
Page 76: Unresolved ID reference "Function__geof" found.
Page 79: Unresolved ID reference "Function__geof" found.
Page 85: Unresolved ID reference "geometry_extension" found.
Page 85: Unresolved ID reference "vocabulary_extension" found.
Page 87: Unresolved ID reference "Simple_Features_Relation_Family__relation_family_Simple_Features_" found.
Page 87: Unresolved ID reference "Egenhofer_Relation_Family__relation_family_Egenhofer_" found.
Page 88: Unresolved ID reference "RCC8_Relation_Family__relation_family_RCC8_" found.
Page 88: Unresolved ID reference "Egenhofer_Relation_Family__relation_family_Egenhofer_" found.
Page 89: Unresolved ID reference "Simple_Features_Relation_Family__relation_family_Simple_Features_" found.
Page 90: Unresolved ID reference "sparql-protocol" found.
Page 91: Unresolved ID reference "Class__geo" found.
Page 92: Unresolved ID reference "Class__geo" found.
Page 92: Unresolved ID reference "Property__geo" found.
Page 93: Unresolved ID reference "Property__geo" found.
Page 94: Unresolved ID reference "Property__geo" found.
Page 95: Unresolved ID reference "Class__geo" found.
Page 95: Unresolved ID reference "DGGS_Conformance_Class__Geometry_Extension_-_DGGS" found.
Page 96: Unresolved ID reference "Function__geof" found.
Page 96: Unresolved ID reference "Property__geo" found.
Page 97: Unresolved ID reference "Function__geof" found.
Page 98: Unresolved ID reference "RDFS_Datatype__geo" found.
Page 99: Unresolved ID reference "RDFS_Datatype__geo" found.
Page 100: Unresolved ID reference "Function__geof" found.
Page 100: Unresolved ID reference "RDFS_Datatype__geo" found.
Page 101: Unresolved ID reference "Function__geof" found.
Page 101: Unresolved ID reference "Property__geo" found.
Page 102: Unresolved ID reference "Function__geof" found.
Page 102: Unresolved ID reference "RDFS_Datatype__geo" found.
Page 103: Unresolved ID reference "Function__geof" found.
Page 103: Unresolved ID reference "RDFS_Datatype__geo" found.
Page 103: Unresolved ID reference "Property__geo" found.
Page 104: Unresolved ID reference "RDFS_Datatype__geo" found.
Page 105: Unresolved ID reference "Function__geof" found.
Page 105: Unresolved ID reference "Conformance_Class__Geometry_Extension" found.
Page 105: Unresolved ID reference "Property__geo" found.
Page 107: Unresolved ID reference "_spatial_aggregate_functions" found.
Page 107: Unresolved ID reference "RDFS_Datatype__geo" found.
Page 107: Unresolved ID reference "_function_geofgetsrid" found.
Page 108: Unresolved ID reference "RDFS_Datatype__geo" found.
Page 108: Unresolved ID reference "Property__geo" found.
Page 109: Unresolved ID reference "Function__geof" found.
Page 110: Unresolved ID reference "sf-query-functions" found.
Page 110: Unresolved ID reference "eh-query-functions" found.
Page 111: Unresolved ID reference "rcc8-query-functions" found.
Page 112: Unresolved ID reference "rdfse_common_reqs" found.
Page 112: Unresolved ID reference "rdfse_wkt" found.
Page 112: Unresolved ID reference "rdfse_gml" found.
Page 113: Unresolved ID reference "query_rewrite_sf" found.
Page 114: Unresolved ID reference "query_rewrite_eh" found.
Page 114: Unresolved ID reference "query_rewrite_rcc8" found.
Page 114: Unresolved ID reference "RDFS_Datatype__geo" found.
Page 114: Unresolved ID reference "Geometry_Serializations" found.
Page 115: Unresolved ID reference "geof_ehContains" found.
Page 115: Unresolved ID reference "geof_ehOverlap" found.
Page 115: Unresolved ID reference "geof_ehDisjoint" found.
Page 115: Unresolved ID reference "geof_sfIntersects" found.
Page 115: Unresolved ID reference "geof_sfOverlaps" found.
Page 115: Unresolved ID reference "geof_ehEquals" found.
Page 115: Unresolved ID reference "geof_sfTouches" found.
Page 115: Unresolved ID reference "geof_ehCovers" found.
Page 115: Unresolved ID reference "geof_sfEquals" found.
Page 115: Unresolved ID reference "geof_sfContains" found.
Page 115: Unresolved ID reference "geof_sfCrosses" found.
Page 115: Unresolved ID reference "geof_ehCoveredBy" found.
Page 115: Unresolved ID reference "geof_sfDisjoint" found.
Page 115: Unresolved ID reference "geof_sfWithin" found.
Page 115: Unresolved ID reference "geof_ehMeet" found.
Page 115: Unresolved ID reference "geof_ehInside" found.
Page 116: Unresolved ID reference "geof_rcc8dcc" found.
Page 116: Unresolved ID reference "geof_rcc8tpp" found.
Page 116: Unresolved ID reference "Function__geof" found.
Page 116: Unresolved ID reference "geof_rcc8ecc" found.
Page 116: Unresolved ID reference "geof_rcc8ntpp" found.
Page 116: Unresolved ID reference "geof_rcc8po" found.
Page 116: Unresolved ID reference "geof_rcc8eq" found.
Page 116: Unresolved ID reference "geof_rcc8ntppi" found.
Page 116: Unresolved ID reference "geof_rcc8tppi" found.
Page 117: Unresolved ID reference "Function__geof" found.
Page 118: Unresolved ID reference "Function__geof" found.
Page 119: Unresolved ID reference "Function__geof" found.
Page 119: Unresolved ID reference "Common_Query_Functions" found.
Page 122: Unresolved ID reference "Class__geo" found.
Page 122: Unresolved ID reference "GeoSPARQL_Standard_structure" found.
Page 122: Unresolved ID reference "Property__geo" found.
Page 123: Unresolved ID reference "Class__geo" found.
Page 123: Unresolved ID reference "Property__geo" found.
Page 124: Unresolved ID reference "Class__geo" found.
Page 125: Unresolved ID reference "Property__geo" found.
Page 126: Unresolved ID reference "Class__geo" found.
Page 126: Unresolved ID reference "B_1.1.2.2_A__tt_Feature__tt__related_to_a__tt_Geometry__tt_" found.
Page 127: Unresolved ID reference "Class__geo" found.
Page 127: Unresolved ID reference "Property__geo" found.
Page 128: Unresolved ID reference "Class__geo" found.
Page 128: Unresolved ID reference "C.1.1.1.2_Size_Properties" found.
Page 128: Unresolved ID reference "Property__geo" found.
Page 129: Unresolved ID reference "Property__geo" found.
Page 130: Unresolved ID reference "Property__geo" found.
Page 138: Unresolved ID reference "C.1.2.4_Geometry_Serializations" found.
Page 140: Unresolved ID reference "Property__geo" found.
Page 141: Unresolved ID reference "Class__geo" found.
Page 141: Unresolved ID reference "Property__geo" found.
Page 142: Unresolved ID reference "Class__geo" found.
Page 142: Unresolved ID reference "Property__geo" found.
Page 143: Unresolved ID reference "Class__geo" found.
Page 144: Unresolved ID reference "Class__geo" found.
Page 146: Unresolved ID reference "Class__geo" found.
Page 146: Unresolved ID reference "Property__geo" found.
Page 147: Unresolved ID reference "_simple_features_relation_family" found.
Page 147: Unresolved ID reference "Class__geo" found.
Page 147: Unresolved ID reference "Property__geo" found.
Page 148: Unresolved ID reference "_simple_features_relation_family" found.
Page 148: Unresolved ID reference "_rcc8_relation_family" found.
Page 148: Unresolved ID reference "Class__geo" found.
Page 149: Unresolved ID reference "_simple_features_relation_family" found.
Page 149: Unresolved ID reference "Class__geo" found.
Page 149: Unresolved ID reference "Property__geo" found.
Page 150: Unresolved ID reference "_simple_features_relation_family" found.
Page 150: Unresolved ID reference "Class__geo" found.
Page 150: Unresolved ID reference "Property__geo" found.
Page 151: Unresolved ID reference "_simple_features_relation_family" found.
Page 151: Unresolved ID reference "Class__geo" found.
Page 151: Unresolved ID reference "Property__geo" found.
Page 152: Unresolved ID reference "_simple_features_relation_family" found.
Page 152: Unresolved ID reference "Class__geo" found.
Page 152: Unresolved ID reference "Property__geo" found.
Page 153: Unresolved ID reference "Class__geo" found.
Page 154: Unresolved ID reference "Class__geo" found.
Page 154: Unresolved ID reference "Property__geo" found.
Page 155: Unresolved ID reference "_simple_features_relation_family" found.
Page 155: Unresolved ID reference "Class__geo" found.
Page 155: Unresolved ID reference "Property__geo" found.
Page 156: Unresolved ID reference "_simple_features_relation_family" found.
Page 156: Unresolved ID reference "_rcc8_relation_family" found.
Page 156: Unresolved ID reference "Class__geo" found.
Page 156: Unresolved ID reference "_egenhofer_relation_family" found.
Page 157: Unresolved ID reference "_simple_features_relation_family" found.
Page 157: Unresolved ID reference "Class__geo" found.
Page 157: Unresolved ID reference "Property__geo" found.
Page 158: Unresolved ID reference "Class__geo" found.
Page 158: Unresolved ID reference "Property__geo" found.
Page 159: Unresolved ID reference "Class__geo" found.
Page 159: Unresolved ID reference "Property__geo" found.
Page 160: Unresolved ID reference "_simple_features_relation_family" found.
Page 160: Unresolved ID reference "Class__geo" found.
Page 161: Unresolved ID reference "Class__geo" found.
Page 161: Unresolved ID reference "Property__geo" found.
Page 163: Unresolved ID reference "RDFS_Datatype__geo" found.
Page 165: Unresolved ID reference "F.2.1_Query_Parameters" found.
79 link targets could not be fully resolved and now points to the top of the page or are dysfunctional.
