Bookmarks: Unresolved ID reference "_c_0_overview" found.
Bookmarks: Unresolved ID reference "_a_0_overview" found.
Bookmarks: Unresolved ID reference "_e_0_overview" found.
Bookmarks: Unresolved ID reference "_b_0_overview" found.
Bookmarks: Unresolved ID reference "_d_0_overview" found.
Bookmarks: Unresolved ID reference "_f_0_overview" found.
Page iv: Unresolved ID reference "_a_0_overview" found.
Page v: Unresolved ID reference "_b_0_overview" found.
Page v: Unresolved ID reference "_f_0_overview" found.
Page v: Unresolved ID reference "_c_0_overview" found.
Page v: Unresolved ID reference "_d_0_overview" found.
Page v: Unresolved ID reference "_e_0_overview" found.
Page xiii: Unresolved ID reference "_coordinate_reference_system" found.
Page xiii: Unresolved ID reference "_spatial_reference_system" found.
Page 4: Unresolved ID reference "Abstract_Test_Suite__normative_" found.
Page 20: Unresolved ID reference "GML" found.
Page 20: Unresolved ID reference "OGCSFACA" found.
Page 37: Unresolved ID reference "OGCSFACA" found.
Page 38: Unresolved ID reference "Property__geo" found.
Page 39: Unresolved ID reference "Property_geo" found.
Page 40: Unresolved ID reference "Property_geo" found.
Page 41: Unresolved ID reference "Property_geo" found.
Page 71: Unresolved ID reference "Function__geof" found.
Page 86: Unresolved ID reference "OGCSFACA" found.
Page 87: Unresolved ID reference "Function__geof" found.
Page 87: Unresolved ID reference "OGCSFACA" found.
Page 89: Unresolved ID reference "OGCSFACA" found.
Page 90: Unresolved ID reference "OGCSFACA" found.
Page 92: Unresolved ID reference "OGCSFACA" found.
Page 93: Unresolved ID reference "OGCSFACA" found.
Page 96: Unresolved ID reference "geometry_extension" found.
Page 96: Unresolved ID reference "vocabulary_extension" found.
Page 98: Unresolved ID reference "Simple_Features_Relation_Family__relation_family_Simple_Features_" found.
Page 98: Unresolved ID reference "Egenhofer_Relation_Family__relation_family_Egenhofer_" found.
Page 99: Unresolved ID reference "RCC8_Relation_Family__relation_family_RCC8_" found.
Page 99: Unresolved ID reference "Egenhofer_Relation_Family__relation_family_Egenhofer_" found.
Page 100: Unresolved ID reference "RCC8_Relation_Family__relation_family_RCC8_" found.
Page 100: Unresolved ID reference "Simple_Features_Relation_Family__relation_family_Simple_Features_" found.
Page 105: Unresolved ID reference "sparql-protocol" found.
Page 108: Unresolved ID reference "Property__geo" found.
Page 109: Unresolved ID reference "Property__geo" found.
Page 122: Unresolved ID reference "OGCSFACA" found.
Page 123: Unresolved ID reference "_spatial_aggregate_functions" found.
Page 125: Unresolved ID reference "Function__geof" found.
Page 126: Unresolved ID reference "sf-query-functions" found.
Page 126: Unresolved ID reference "eh-query-functions" found.
Page 127: Unresolved ID reference "rdfse_common_reqs" found.
Page 127: Unresolved ID reference "rcc8-query-functions" found.
Page 132: Unresolved ID reference "geof_sfEquals" found.
Page 132: Unresolved ID reference "geof_sfContains" found.
Page 132: Unresolved ID reference "geof_sfCrosses" found.
Page 132: Unresolved ID reference "geof_sfDisjoint" found.
Page 132: Unresolved ID reference "OGCSFACA" found.
Page 133: Unresolved ID reference "geof_ehContains" found.
Page 133: Unresolved ID reference "geof_ehOverlap" found.
Page 133: Unresolved ID reference "geof_ehDisjoint" found.
Page 133: Unresolved ID reference "geof_sfIntersects" found.
Page 133: Unresolved ID reference "geof_sfOverlaps" found.
Page 133: Unresolved ID reference "geof_rcc8eq" found.
Page 133: Unresolved ID reference "geof_ehEquals" found.
Page 133: Unresolved ID reference "geof_rcc8ntppi" found.
Page 133: Unresolved ID reference "geof_sfTouches" found.
Page 133: Unresolved ID reference "geof_ehCovers" found.
Page 133: Unresolved ID reference "geof_rcc8dcc" found.
Page 133: Unresolved ID reference "geof_rcc8ecc" found.
Page 133: Unresolved ID reference "geof_rcc8ntpp" found.
Page 133: Unresolved ID reference "geof_rcc8po" found.
Page 133: Unresolved ID reference "geof_ehCoveredBy" found.
Page 133: Unresolved ID reference "geof_sfWithin" found.
Page 133: Unresolved ID reference "geof_ehMeet" found.
Page 133: Unresolved ID reference "geof_ehInside" found.
Page 134: Unresolved ID reference "geof_rcc8tpp" found.
Page 134: Unresolved ID reference "Function__geof" found.
Page 134: Unresolved ID reference "geof_rcc8tppi" found.
Page 135: Unresolved ID reference "Function__geof" found.
Page 137: Unresolved ID reference "OGCSFACA" found.
Page 163: Unresolved ID reference "_req_geometry-extension_feature-properties" found.
Page 164: Unresolved ID reference "_req_geometry-extension_feature-properties" found.
Page 167: Unresolved ID reference "_req_core_geometry-collection-class" found.
Page 189: Unresolved ID reference "OGCAPIF" found.
Page 189: Unresolved ID reference "WFS" found.
Page 189: Unresolved ID reference "CQLDEF" found.
Page 189: Unresolved ID reference "Property__geo" found.
Page 190: Unresolved ID reference "CQLDEF" found.
Page 194: Unresolved ID reference "F.2.1_Query_Parameters" found.
Page 195: Unresolved ID reference "OGCSFACA" found.
